<?xml version="1.0" encoding="UTF-8"?>
<testng-results ignored="0" total="0" passed="0" failed="0" skipped="0">
  <reporter-output>
  </reporter-output>
  <suite started-at="2023-02-02T10:19:28 IST" name="Suite" finished-at="2023-02-02T10:20:31 IST" duration-ms="63622">
    <groups>
    </groups>
    <test started-at="2023-02-02T10:19:28 IST" name="Test" finished-at="2023-02-02T10:20:31 IST" duration-ms="63622">
      <class name="com.amazon.test.RegistrationPageTest">
        <test-method is-config="true" signature="launchApplication()[pri:0, instance:com.amazon.test.RegistrationPageTest@b9b00e0]" started-at="2023-02-02T10:19:28 IST" name="launchApplication" finished-at="2023-02-02T10:19:33 IST" duration-ms="5693" status="PASS">
          <reporter-output>
          </reporter-output>
        </test-method> <!-- launchApplication -->
        <test-method is-config="true" signature="closeAllOpenedTabs()[pri:0, instance:com.amazon.test.RegistrationPageTest@b9b00e0]" started-at="2023-02-02T10:19:45 IST" name="closeAllOpenedTabs" finished-at="2023-02-02T10:19:47 IST" duration-ms="1933" status="PASS">
          <reporter-output>
          </reporter-output>
        </test-method> <!-- closeAllOpenedTabs -->
      </class> <!-- com.amazon.test.RegistrationPageTest -->
      <class name="com.amazon.test.LoginTest">
        <test-method is-config="true" signature="launchApplication()[pri:0, instance:com.amazon.test.LoginTest@783a467b]" started-at="2023-02-02T10:19:28 IST" name="launchApplication" finished-at="2023-02-02T10:19:33 IST" duration-ms="5693" status="PASS">
          <reporter-output>
          </reporter-output>
        </test-method> <!-- launchApplication -->
        <test-method is-config="true" signature="closeAllOpenedTabs()[pri:0, instance:com.amazon.test.LoginTest@783a467b]" started-at="2023-02-02T10:19:47 IST" name="closeAllOpenedTabs" finished-at="2023-02-02T10:19:47 IST" duration-ms="942" status="PASS">
          <reporter-output>
          </reporter-output>
        </test-method> <!-- closeAllOpenedTabs -->
      </class> <!-- com.amazon.test.LoginTest -->
      <class name="com.amazon.test.CartPageTest">
        <test-method is-config="true" signature="launchApplication()[pri:0, instance:com.amazon.test.CartPageTest@2d52216b]" started-at="2023-02-02T10:19:28 IST" name="launchApplication" finished-at="2023-02-02T10:19:33 IST" duration-ms="5693" status="PASS">
          <reporter-output>
          </reporter-output>
        </test-method> <!-- launchApplication -->
        <test-method is-config="true" signature="closeAllOpenedTabs()[pri:0, instance:com.amazon.test.CartPageTest@2d52216b]" started-at="2023-02-02T10:19:48 IST" name="closeAllOpenedTabs" finished-at="2023-02-02T10:19:49 IST" duration-ms="507" status="PASS">
          <reporter-output>
          </reporter-output>
        </test-method> <!-- closeAllOpenedTabs -->
      </class> <!-- com.amazon.test.CartPageTest -->
      <class name="com.amazon.test.PlacingOrdersTest">
        <test-method is-config="true" signature="launchApplication()[pri:0, instance:com.amazon.test.PlacingOrdersTest@771a660]" started-at="2023-02-02T10:19:28 IST" name="launchApplication" finished-at="2023-02-02T10:19:33 IST" duration-ms="5693" status="PASS">
          <reporter-output>
          </reporter-output>
        </test-method> <!-- launchApplication -->
        <test-method is-config="true" signature="closeAllOpenedTabs()[pri:0, instance:com.amazon.test.PlacingOrdersTest@771a660]" started-at="2023-02-02T10:20:31 IST" name="closeAllOpenedTabs" finished-at="2023-02-02T10:20:31 IST" duration-ms="492" status="PASS">
          <reporter-output>
          </reporter-output>
        </test-method> <!-- closeAllOpenedTabs -->
      </class> <!-- com.amazon.test.PlacingOrdersTest -->
    </test> <!-- Test -->
  </suite> <!-- Suite -->
</testng-results>
