<?xml version="1.0" encoding="UTF-8"?>
<!-- Generated by org.testng.reporters.JUnitXMLReporter -->
<testsuite ignored="0" hostname="Sae" failures="1" tests="3" name="AddItemsToCart" time="28.24" errors="0" timestamp="2022-12-12T15:06:49 IST">
  <testcase classname="testpurpose.testingClass" name="addTheItemsToCart" time="21.105"/>
  <testcase classname="testpurpose.testingClass" name="addTheItemsToCart" time="28.222">
    <failure type="java.lang.NullPointerException" message="Cannot invoke &amp;quot;org.openqa.selenium.TakesScreenshot.getScreenshotAs(org.openqa.selenium.OutputType)&amp;quot; because &amp;quot;ts&amp;quot; is null">
      <![CDATA[java.lang.NullPointerException: Cannot invoke "org.openqa.selenium.TakesScreenshot.getScreenshotAs(org.openqa.selenium.OutputType)" because "ts" is null
at com.base.BaseClass.captureScreenshot(BaseClass.java:85)
at com.base.Listeners.onTestSuccess(Listeners.java:18)
at java.base/java.util.ArrayList.forEach(ArrayList.java:1511)
... Removed 24 stack frames]]>
    </failure>
  </testcase> <!-- addTheItemsToCart -->
  <testcase classname="testpurpose.testingClass" name="checkTheItemsOnCart" time="0.0">
    <skipped/>
  </testcase> <!-- checkTheItemsOnCart -->
</testsuite> <!-- AddItemsToCart -->
